<?xml version="1.0" encoding="UTF-8"?>
<!-- Generated by org.testng.reporters.JUnitReportReporter -->
<testsuite hostname="Varam-98765" failures="0" tests="1" name="com.crm.qa.testcases.SignUpPageTest" time="1.622" errors="0" timestamp="23 Mar 2024 08:11:33 GMT" skipped="0">
  <testcase classname="com.crm.qa.testcases.SignUpPageTest" name="signUpPageTitleTest" time="1.622"/>
</testsuite> <!-- com.crm.qa.testcases.SignUpPageTest -->
