<?xml version="1.0" encoding="UTF-8"?>
<!-- Generated by org.testng.reporters.JUnitReportReporter -->
<testsuite hostname="Santhosh" failures="0" tests="2" name="com.crm.qa.testcases.SignUpPageTest" time="9.791" errors="0" timestamp="12 Jun 2022 15:06:03 GMT" skipped="0">
  <testcase classname="com.crm.qa.testcases.SignUpPageTest" name="signUpPageTitleTest" time="4.232"/>
  <testcase classname="com.crm.qa.testcases.SignUpPageTest" name="performActionsOnSigupPage" time="5.559"/>
</testsuite> <!-- com.crm.qa.testcases.SignUpPageTest -->
