<?xml version="1.0" encoding="UTF-8"?>
<!-- Generated by org.testng.reporters.JUnitReportReporter -->
<testsuite hostname="Santhosh" failures="0" tests="2" name="com.crm.qa.testcases.AmazonGpPageTest" time="21.908" errors="0" timestamp="12 Jun 2022 15:06:03 GMT" skipped="0">
  <testcase classname="com.crm.qa.testcases.AmazonGpPageTest" name="verifyAmazonGpPageTitleTest" time="13.779"/>
  <testcase classname="com.crm.qa.testcases.AmazonGpPageTest" name="clickSamsungCheckbox" time="8.129"/>
</testsuite> <!-- com.crm.qa.testcases.AmazonGpPageTest -->
